0 info it worked if it ends with ok
1 verbose cli [ 'C:\\Program Files\\nodejs\\node.exe',
1 verbose cli   'C:\\Program Files\\nodejs\\node_modules\\npm\\bin\\npm-cli.js',
1 verbose cli   'run',
1 verbose cli   'test:auto' ]
2 info using npm@3.10.10
3 info using node@v6.9.4
4 verbose run-script [ 'pretest:auto', 'test:auto', 'posttest:auto' ]
5 info lifecycle ts-pluralize@1.0.0~pretest:auto: ts-pluralize@1.0.0
6 silly lifecycle ts-pluralize@1.0.0~pretest:auto: no script for pretest:auto, continuing
7 info lifecycle ts-pluralize@1.0.0~test:auto: ts-pluralize@1.0.0
8 verbose lifecycle ts-pluralize@1.0.0~test:auto: unsafe-perm in lifecycle true
9 verbose lifecycle ts-pluralize@1.0.0~test:auto: PATH: C:\Program Files\nodejs\node_modules\npm\bin\node-gyp-bin;H:\git\personal-repo\ts-pluralize\node_modules\.bin;C:\ProgramData\Oracle\Java\javapath;C:\Program Files (x86)\Intel\iCLS Client\;C:\Program Files\Intel\iCLS Client\;C:\windows\system32;C:\windows;C:\windows\System32\Wbem;C:\windows\System32\WindowsPowerShell\v1.0\;C:\Program Files (x86)\NVIDIA Corporation\PhysX\Common;C:\Program Files\WIDCOMM\Bluetooth Software\;C:\Program Files\WIDCOMM\Bluetooth Software\syswow64;C:\Program Files (x86)\Intel\Intel(R) Management Engine Components\DAL;C:\Program Files\Intel\Intel(R) Management Engine Components\DAL;C:\Program Files (x86)\Intel\Intel(R) Management Engine Components\IPT;C:\Program Files\Intel\Intel(R) Management Engine Components\IPT;C:\Program Files\Microsoft SQL Server\120\Tools\Binn\;C:\Program Files\Microsoft SQL Server\130\Tools\Binn\;C:\WINDOWS\system32;C:\WINDOWS;C:\WINDOWS\System32\Wbem;C:\WINDOWS\System32\WindowsPowerShell\v1.0\;C:\Program Files (x86)\Windows Live\Shared;C:\Program Files (x86)\Windows Kits\10\Windows Performance Toolkit\;C:\Program Files (x86)\Android\android-sdk\platform-tools;C:\Program Files\LLVM\bin;C:\Program Files (x86)\Microsoft Emulator Manager\1.0\;C:\Program Files\Microsoft DNX\Dnvm\;C:\Program Files\nodejs\;C:\Program Files\Microsoft\Web Platform Installer\;C:\Program Files\dotnet\;C:\Program Files\MiKTeX 2.9\miktex\bin\x64\;C:\Program Files\Git\cmd;C:\ProgramData\chocolatey\bin;C:\Program Files\Java\jdk1.8.0_121\bin;C:\Program Files\Android\android-sdk\tools;C:\Program Files\Android\android-sdk\platform-tools;C:\Program Files (x86)\Microsoft VS Code\bin;C:\Program Files\MongoDB\Server\3.2\bin;c:\nuget;C:\Program Files\Java\jdk1.8.0_91\bin;C:\Program Files (x86)\nodejs;C:\Users\temia\AppData\Local\Microsoft\WindowsApps;C:\Users\temia\AppData\Local\atom\bin;C:\Users\temia\AppData\Roaming\npm;C:\cygnus\cygwin-b20\H-i586-cygwin32\bin;C:\Python27;C:\Python27\Scripts
10 verbose lifecycle ts-pluralize@1.0.0~test:auto: CWD: H:\git\personal-repo\ts-pluralize
11 silly lifecycle ts-pluralize@1.0.0~test:auto: Args: [ '/d /s /c', 'mocha --opts mocha.opts --watch' ]
12 silly lifecycle ts-pluralize@1.0.0~test:auto: Returned: code: 3221225786  signal: null
13 info lifecycle ts-pluralize@1.0.0~test:auto: Failed to exec test:auto script
14 verbose stack Error: ts-pluralize@1.0.0 test:auto: `mocha --opts mocha.opts --watch`
14 verbose stack Exit status 3221225786
14 verbose stack     at EventEmitter.<anonymous> (C:\Program Files\nodejs\node_modules\npm\lib\utils\lifecycle.js:255:16)
14 verbose stack     at emitTwo (events.js:106:13)
14 verbose stack     at EventEmitter.emit (events.js:191:7)
14 verbose stack     at ChildProcess.<anonymous> (C:\Program Files\nodejs\node_modules\npm\lib\utils\spawn.js:40:14)
14 verbose stack     at emitTwo (events.js:106:13)
14 verbose stack     at ChildProcess.emit (events.js:191:7)
14 verbose stack     at maybeClose (internal/child_process.js:877:16)
14 verbose stack     at Process.ChildProcess._handle.onexit (internal/child_process.js:226:5)
15 verbose pkgid ts-pluralize@1.0.0
16 verbose cwd H:\git\personal-repo\ts-pluralize
17 error Windows_NT 10.0.14393
18 error argv "C:\\Program Files\\nodejs\\node.exe" "C:\\Program Files\\nodejs\\node_modules\\npm\\bin\\npm-cli.js" "run" "test:auto"
19 error node v6.9.4
20 error npm  v3.10.10
21 error code ELIFECYCLE
22 error ts-pluralize@1.0.0 test:auto: `mocha --opts mocha.opts --watch`
22 error Exit status 3221225786
23 error Failed at the ts-pluralize@1.0.0 test:auto script 'mocha --opts mocha.opts --watch'.
23 error Make sure you have the latest version of node.js and npm installed.
23 error If you do, this is most likely a problem with the ts-pluralize package,
23 error not with npm itself.
23 error Tell the author that this fails on your system:
23 error     mocha --opts mocha.opts --watch
23 error You can get information on how to open an issue for this project with:
23 error     npm bugs ts-pluralize
23 error Or if that isn't available, you can get their info via:
23 error     npm owner ls ts-pluralize
23 error There is likely additional logging output above.
24 verbose exit [ 1, true ]
